<?xml version="1.0" encoding="UTF-8"?>
<!-- Generated by org.testng.reporters.JUnitReportReporter -->
<testsuite hostname="DESKTOP-H9T8QUS" failures="0" tests="2" name="qaclickacademy.Mavenjava.RESTAPITest" time="0.001" errors="0" timestamp="29 Oct 2020 05:17:55 GMT" skipped="0">
  <testcase classname="qaclickacademy.Mavenjava.RESTAPITest" name="postJira" time="0.001"/>
  <testcase classname="qaclickacademy.Mavenjava.RESTAPITest" name="deleteTwitter" time="0.000"/>
</testsuite> <!-- qaclickacademy.Mavenjava.RESTAPITest -->
