<?xml version="1.0" encoding="UTF-8"?>
<!-- Generated by org.testng.reporters.JUnitReportReporter -->
<testsuite hostname="DESKTOP-H9T8QUS" failures="0" tests="2" name="qaclickacademy.Mavenjava.SeleniumTest" time="0.002" errors="0" timestamp="29 Oct 2020 05:17:55 GMT" skipped="0">
  <testcase classname="qaclickacademy.Mavenjava.SeleniumTest" name="elementsUi" time="0.001"/>
  <testcase classname="qaclickacademy.Mavenjava.SeleniumTest" name="BrowserAutomation" time="0.001"/>
</testsuite> <!-- qaclickacademy.Mavenjava.SeleniumTest -->
