<?xml version="1.0" encoding="UTF-8"?>
<!-- Generated by org.testng.reporters.JUnitReportReporter -->
<testsuite hostname="DESKTOP-H9T8QUS" failures="0" tests="1" name="qaclickacademy.Mavenjava.AppiumTest" time="0.009" errors="0" timestamp="29 Oct 2020 05:22:30 GMT" skipped="0">
  <testcase classname="qaclickacademy.Mavenjava.AppiumTest" name="NativeAppAndroid" time="0.009"/>
</testsuite> <!-- qaclickacademy.Mavenjava.AppiumTest -->
